Arguments: 
  /home/antony/.nvm/versions/node/v19.4.0/bin/node /usr/share/yarn/bin/yarn.js add webpack webpack-cli webpack-dev-server babel-loader -D

PATH: 
  /home/antony/.local/share/zinit/polaris/bin:/home/antony/.nvm/versions/node/v19.4.0/bin:/usr/local/sbin:/usr/local/bin:/usr/sbin:/usr/bin:/sbin:/bin:/usr/games:/usr/local/games:/usr/lib/wsl/lib:/mnt/c/Windows/system32:/mnt/c/Windows:/mnt/c/Windows/System32/Wbem:/mnt/c/Windows/System32/WindowsPowerShell/v1.0/:/mnt/c/Windows/System32/OpenSSH/:/mnt/c/Program Files (x86)/NVIDIA Corporation/PhysX/Common:/mnt/c/Program Files/NVIDIA Corporation/NVIDIA NvDLISR:/mnt/c/Program Files/Git/cmd:/mnt/c/Program Files/Docker/Docker/resources/bin:/mnt/c/ProgramData/DockerDesktop/version-bin:/mnt/c/WINDOWS/system32:/mnt/c/WINDOWS:/mnt/c/WINDOWS/System32/Wbem:/mnt/c/WINDOWS/System32/WindowsPowerShell/v1.0/:/mnt/c/WINDOWS/System32/OpenSSH/:/mnt/c/Users/anton/AppData/Local/Programs/Python/Python311/Scripts/:/mnt/c/Users/anton/AppData/Local/Programs/Python/Python311/:/mnt/c/Users/anton/AppData/Local/Microsoft/WindowsApps:/mnt/c/Users/anton/AppData/Local/Programs/Microsoft VS Code/bin:/mnt/c/Users/anton/AppData/Local/Programs/Hyper/resources/bin:/mnt/c/Users/anton/AppData/Local/Programs/Python/Python311/Scripts

Yarn version: 
  1.22.19

Node version: 
  19.4.0

Platform: 
  linux x64

Trace: 
  SyntaxError: /mnt/c/Users/anton/OneDrive/Outros/Documentos/MEGAsync/UEFS/2023.1/EXA844 - Programação para Redes/Projeto/projeto-parlamentoaberto/src/package.json: Unexpected non-whitespace character after JSON at position 9
      at JSON.parse (<anonymous>)
      at /usr/share/yarn/lib/cli.js:1629:59
      at Generator.next (<anonymous>)
      at step (/usr/share/yarn/lib/cli.js:310:30)
      at /usr/share/yarn/lib/cli.js:321:13

npm manifest: 
  "scripts": {
    "start": 'webpack serve --mode development --open'
  }

yarn manifest: 
  No manifest

Lockfile: 
  No lockfile
